# JRE version: Java(TM) SE Runtime Environment (8.0_151-b12) (build 1.8.0_151-b12)
# Java VM: Java HotSpot(TM) 64-Bit Server VM (25.151-b12 mixed mode windows-amd64 compressed oops)
Heap:
 PSYoungGen      total 613376K, used 513607K [0x00000000d5580000, 0x0000000100000000, 0x0000000100000000)
  eden space 527872K, 81% used [0x00000000d5580000,0x00000000ef799718,0x00000000f5900000)
  from space 85504K, 99% used [0x00000000f5900000,0x00000000fac78690,0x00000000fac80000)
  to   space 85504K, 0% used [0x00000000fac80000,0x00000000fac80000,0x0000000100000000)
 ParOldGen       total 222208K, used 161641K [0x0000000080000000, 0x000000008d900000, 0x00000000d5580000)
  object space 222208K, 72% used [0x0000000080000000,0x0000000089dda498,0x000000008d900000)
 Metaspace       used 182298K, capacity 188240K, committed 188544K, reserved 1214464K
  class space    used 22409K, capacity 23591K, committed 23680K, reserved 1048576K
GC Heap History (10 events):
Event: 3040.528 GC heap before
{Heap before GC invocations=26 (full 4):
 PSYoungGen      total 637440K, used 93328K [0x00000000d5580000, 0x0000000100000000, 0x0000000100000000)
  eden space 580096K, 9% used [0x00000000d5580000,0x00000000d8cc3a68,0x00000000f8c00000)
  from space 57344K, 64% used [0x00000000f8c00000,0x00000000fafe0768,0x00000000fc400000)
  to   space 57344K, 0% used [0x00000000fc800000,0x00000000fc800000,0x0000000100000000)
 ParOldGen       total 167424K, used 129605K [0x0000000080000000, 0x000000008a380000, 0x00000000d5580000)
  object space 167424K, 77% used [0x0000000080000000,0x0000000087e91630,0x000000008a380000)
 Metaspace       used 159394K, capacity 164118K, committed 164268K, reserved 1193984K
  class space    used 19710K, capacity 20670K, committed 20736K, reserved 1048576K
Event: 3040.596 GC heap after
Heap after GC invocations=26 (full 4):
 PSYoungGen      total 635392K, used 45870K [0x00000000d5580000, 0x0000000100000000, 0x0000000100000000)
  eden space 578048K, 0% used [0x00000000d5580000,0x00000000d5580000,0x00000000f8a00000)
  from space 57344K, 79% used [0x00000000fc800000,0x00000000ff4cba18,0x0000000100000000)
  to   space 60416K, 0% used [0x00000000f8a00000,0x00000000f8a00000,0x00000000fc500000)
 ParOldGen       total 167424K, used 129613K [0x0000000080000000, 0x000000008a380000, 0x00000000d5580000)
  object space 167424K, 77% used [0x0000000080000000,0x0000000087e93630,0x000000008a380000)
 Metaspace       used 159394K, capacity 164118K, committed 164268K, reserved 1193984K
  class space    used 19710K, capacity 20670K, committed 20736K, reserved 1048576K
}
Event: 3040.596 GC heap before
{Heap before GC invocations=27 (full 5):
 PSYoungGen      total 635392K, used 45870K [0x00000000d5580000, 0x0000000100000000, 0x0000000100000000)
  eden space 578048K, 0% used [0x00000000d5580000,0x00000000d5580000,0x00000000f8a00000)
  from space 57344K, 79% used [0x00000000fc800000,0x00000000ff4cba18,0x0000000100000000)
  to   space 60416K, 0% used [0x00000000f8a00000,0x00000000f8a00000,0x00000000fc500000)
 ParOldGen       total 167424K, used 129613K [0x0000000080000000, 0x000000008a380000, 0x00000000d5580000)
  object space 167424K, 77% used [0x0000000080000000,0x0000000087e93630,0x000000008a380000)
 Metaspace       used 159394K, capacity 164118K, committed 164268K, reserved 1193984K
  class space    used 19710K, capacity 20670K, committed 20736K, reserved 1048576K
Event: 3041.130 GC heap after
Heap after GC invocations=27 (full 5):
 PSYoungGen      total 635392K, used 0K [0x00000000d5580000, 0x0000000100000000, 0x0000000100000000)
  eden space 578048K, 0% used [0x00000000d5580000,0x00000000d5580000,0x00000000f8a00000)
  from space 57344K, 0% used [0x00000000fc800000,0x00000000fc800000,0x0000000100000000)
  to   space 60416K, 0% used [0x00000000f8a00000,0x00000000f8a00000,0x00000000fc500000)
 ParOldGen       total 222208K, used 100764K [0x0000000080000000, 0x000000008d900000, 0x00000000d5580000)
  object space 222208K, 45% used [0x0000000080000000,0x0000000086267130,0x000000008d900000)
 Metaspace       used 159304K, capacity 163962K, committed 164268K, reserved 1193984K
  class space    used 19690K, capacity 20632K, committed 20736K, reserved 1048576K
}
Event: 3083.883 GC heap before
{Heap before GC invocations=28 (full 5):
 PSYoungGen      total 635392K, used 578048K [0x00000000d5580000, 0x0000000100000000, 0x0000000100000000)
  eden space 578048K, 100% used [0x00000000d5580000,0x00000000f8a00000,0x00000000f8a00000)
  from space 57344K, 0% used [0x00000000fc800000,0x00000000fc800000,0x0000000100000000)
  to   space 60416K, 0% used [0x00000000f8a00000,0x00000000f8a00000,0x00000000fc500000)
 ParOldGen       total 222208K, used 100764K [0x0000000080000000, 0x000000008d900000, 0x00000000d5580000)
  object space 222208K, 45% used [0x0000000080000000,0x0000000086267130,0x000000008d900000)
 Metaspace       used 168290K, capacity 172938K, committed 173440K, reserved 1200128K
  class space    used 20748K, capacity 21728K, committed 21888K, reserved 1048576K
Event: 3083.971 GC heap after
Heap after GC invocations=28 (full 5):
 PSYoungGen      total 638464K, used 60388K [0x00000000d5580000, 0x0000000100000000, 0x0000000100000000)
  eden space 578048K, 0% used [0x00000000d5580000,0x00000000d5580000,0x00000000f8a00000)
  from space 60416K, 99% used [0x00000000f8a00000,0x00000000fc4f93b8,0x00000000fc500000)
  to   space 60416K, 0% used [0x00000000fc500000,0x00000000fc500000,0x0000000100000000)
 ParOldGen       total 222208K, used 116539K [0x0000000080000000, 0x000000008d900000, 0x00000000d5580000)
  object space 222208K, 52% used [0x0000000080000000,0x00000000871cef30,0x000000008d900000)
 Metaspace       used 168290K, capacity 172938K, committed 173440K, reserved 1200128K
  class space    used 20748K, capacity 21728K, committed 21888K, reserved 1048576K
}
Event: 3164.009 GC heap before
{Heap before GC invocations=29 (full 5):
 PSYoungGen      total 638464K, used 638436K [0x00000000d5580000, 0x0000000100000000, 0x0000000100000000)
  eden space 578048K, 100% used [0x00000000d5580000,0x00000000f8a00000,0x00000000f8a00000)
  from space 60416K, 99% used [0x00000000f8a00000,0x00000000fc4f93b8,0x00000000fc500000)
  to   space 60416K, 0% used [0x00000000fc500000,0x00000000fc500000,0x0000000100000000)
 ParOldGen       total 222208K, used 116539K [0x0000000080000000, 0x000000008d900000, 0x00000000d5580000)
  object space 222208K, 52% used [0x0000000080000000,0x00000000871cef30,0x000000008d900000)
 Metaspace       used 174840K, capacity 179458K, committed 179712K, reserved 1206272K
  class space    used 21491K, capacity 22474K, committed 22528K, reserved 1048576K
Event: 3164.156 GC heap after
Heap after GC invocations=29 (full 5):
 PSYoungGen      total 588288K, used 60384K [0x00000000d5580000, 0x0000000100000000, 0x0000000100000000)
  eden space 527872K, 0% used [0x00000000d5580000,0x00000000d5580000,0x00000000f5900000)
  from space 60416K, 99% used [0x00000000fc500000,0x00000000ffff80d0,0x0000000100000000)
  to   space 85504K, 0% used [0x00000000f5900000,0x00000000f5900000,0x00000000fac80000)
 ParOldGen       total 222208K, used 132480K [0x0000000080000000, 0x000000008d900000, 0x00000000d5580000)
  object space 222208K, 59% used [0x0000000080000000,0x00000000881603d0,0x000000008d900000)
 Metaspace       used 174840K, capacity 179458K, committed 179712K, reserved 1206272K
  class space    used 21491K, capacity 22474K, committed 22528K, reserved 1048576K
}
Event: 3427.120 GC heap before
{Heap before GC invocations=30 (full 5):
 PSYoungGen      total 588288K, used 588256K [0x00000000d5580000, 0x0000000100000000, 0x0000000100000000)
  eden space 527872K, 100% used [0x00000000d5580000,0x00000000f5900000,0x00000000f5900000)
  from space 60416K, 99% used [0x00000000fc500000,0x00000000ffff80d0,0x0000000100000000)
  to   space 85504K, 0% used [0x00000000f5900000,0x00000000f5900000,0x00000000fac80000)
 ParOldGen       total 222208K, used 132480K [0x0000000080000000, 0x000000008d900000, 0x00000000d5580000)
  object space 222208K, 59% used [0x0000000080000000,0x00000000881603d0,0x000000008d900000)
 Metaspace       used 178496K, capacity 184426K, committed 184704K, reserved 1210368K
  class space    used 21952K, capacity 23100K, committed 23168K, reserved 1048576K
Event: 3427.295 GC heap after
Heap after GC invocations=30 (full 5):
 PSYoungGen      total 613376K, used 85473K [0x00000000d5580000, 0x0000000100000000, 0x0000000100000000)
  eden space 527872K, 0% used [0x00000000d5580000,0x00000000d5580000,0x00000000f5900000)
  from space 85504K, 99% used [0x00000000f5900000,0x00000000fac78690,0x00000000fac80000)
  to   space 85504K, 0% used [0x00000000fac80000,0x00000000fac80000,0x0000000100000000)
 ParOldGen       total 222208K, used 161641K [0x0000000080000000, 0x000000008d900000, 0x00000000d5580000)
  object space 222208K, 72% used [0x0000000080000000,0x0000000089dda498,0x000000008d900000)
 Metaspace       used 178496K, capacity 184426K, committed 184704K, reserved 1210368K
  class space    used 21952K, capacity 23100K, committed 23168K, reserved 1048576K
}

