# JRE version: OpenJDK Runtime Environment (8.0_202-b03) (build 1.8.0_202-release-1483-b03)
# Java VM: OpenJDK 64-Bit Server VM (25.202-b03 mixed mode windows-amd64 compressed oops)
Heap:
 PSYoungGen      total 103936K, used 76800K [0x00000000d5580000, 0x00000000df180000, 0x0000000100000000)
  eden space 84480K, 90% used [0x00000000d5580000,0x00000000da0800b0,0x00000000da800000)
  from space 19456K, 0% used [0x00000000da800000,0x00000000da800000,0x00000000dbb00000)
  to   space 21504K, 0% used [0x00000000ddc80000,0x00000000ddc80000,0x00000000df180000)
 ParOldGen       total 138752K, used 31982K [0x0000000080000000, 0x0000000088780000, 0x00000000d5580000)
  object space 138752K, 23% used [0x0000000080000000,0x0000000081f3b870,0x0000000088780000)
 Metaspace       used 60932K, capacity 62916K, committed 62936K, reserved 1103872K
  class space    used 8205K, capacity 8650K, committed 8664K, reserved 1048576K
GC Heap History (10 events):
Event: 31.753 GC heap before
{Heap before GC invocations=14 (full 2):
 PSYoungGen      total 71680K, used 66841K [0x00000000d5580000, 0x00000000db280000, 0x0000000100000000)
  eden space 59904K, 100% used [0x00000000d5580000,0x00000000d9000000,0x00000000d9000000)
  from space 11776K, 58% used [0x00000000d9000000,0x00000000d96c65c8,0x00000000d9b80000)
  to   space 11264K, 0% used [0x00000000da780000,0x00000000da780000,0x00000000db280000)
 ParOldGen       total 100352K, used 17113K [0x0000000080000000, 0x0000000086200000, 0x00000000d5580000)
  object space 100352K, 17% used [0x0000000080000000,0x00000000810b67c0,0x0000000086200000)
 Metaspace       used 45604K, capacity 46896K, committed 47104K, reserved 1089536K
  class space    used 6080K, capacity 6347K, committed 6400K, reserved 1048576K
Event: 31.776 GC heap after
Heap after GC invocations=14 (full 2):
 PSYoungGen      total 81920K, used 11233K [0x00000000d5580000, 0x00000000db680000, 0x0000000100000000)
  eden space 70656K, 0% used [0x00000000d5580000,0x00000000d5580000,0x00000000d9a80000)
  from space 11264K, 99% used [0x00000000da780000,0x00000000db278670,0x00000000db280000)
  to   space 13312K, 0% used [0x00000000d9a80000,0x00000000d9a80000,0x00000000da780000)
 ParOldGen       total 100352K, used 19071K [0x0000000080000000, 0x0000000086200000, 0x00000000d5580000)
  object space 100352K, 19% used [0x0000000080000000,0x000000008129fdd0,0x0000000086200000)
 Metaspace       used 45604K, capacity 46896K, committed 47104K, reserved 1089536K
  class space    used 6080K, capacity 6347K, committed 6400K, reserved 1048576K
}
Event: 35.220 GC heap before
{Heap before GC invocations=15 (full 2):
 PSYoungGen      total 81920K, used 81889K [0x00000000d5580000, 0x00000000db680000, 0x0000000100000000)
  eden space 70656K, 100% used [0x00000000d5580000,0x00000000d9a80000,0x00000000d9a80000)
  from space 11264K, 99% used [0x00000000da780000,0x00000000db278670,0x00000000db280000)
  to   space 13312K, 0% used [0x00000000d9a80000,0x00000000d9a80000,0x00000000da780000)
 ParOldGen       total 100352K, used 19071K [0x0000000080000000, 0x0000000086200000, 0x00000000d5580000)
  object space 100352K, 19% used [0x0000000080000000,0x000000008129fdd0,0x0000000086200000)
 Metaspace       used 49153K, capacity 50668K, committed 50944K, reserved 1093632K
  class space    used 6540K, capacity 6904K, committed 6912K, reserved 1048576K
Event: 35.259 GC heap after
Heap after GC invocations=15 (full 2):
 PSYoungGen      total 83968K, used 13286K [0x00000000d5580000, 0x00000000dca00000, 0x0000000100000000)
  eden space 70656K, 0% used [0x00000000d5580000,0x00000000d5580000,0x00000000d9a80000)
  from space 13312K, 99% used [0x00000000d9a80000,0x00000000da779840,0x00000000da780000)
  to   space 15360K, 0% used [0x00000000dbb00000,0x00000000dbb00000,0x00000000dca00000)
 ParOldGen       total 100352K, used 21500K [0x0000000080000000, 0x0000000086200000, 0x00000000d5580000)
  object space 100352K, 21% used [0x0000000080000000,0x00000000814ff150,0x0000000086200000)
 Metaspace       used 49153K, capacity 50668K, committed 50944K, reserved 1093632K
  class space    used 6540K, capacity 6904K, committed 6912K, reserved 1048576K
}
Event: 38.398 GC heap before
{Heap before GC invocations=16 (full 2):
 PSYoungGen      total 83968K, used 83942K [0x00000000d5580000, 0x00000000dca00000, 0x0000000100000000)
  eden space 70656K, 100% used [0x00000000d5580000,0x00000000d9a80000,0x00000000d9a80000)
  from space 13312K, 99% used [0x00000000d9a80000,0x00000000da779840,0x00000000da780000)
  to   space 15360K, 0% used [0x00000000dbb00000,0x00000000dbb00000,0x00000000dca00000)
 ParOldGen       total 100352K, used 21500K [0x0000000080000000, 0x0000000086200000, 0x00000000d5580000)
  object space 100352K, 21% used [0x0000000080000000,0x00000000814ff150,0x0000000086200000)
 Metaspace       used 55572K, capacity 57282K, committed 57600K, reserved 1099776K
  class space    used 7464K, capacity 7826K, committed 7936K, reserved 1048576K
Event: 38.424 GC heap after
Heap after GC invocations=16 (full 2):
 PSYoungGen      total 99840K, used 15356K [0x00000000d5580000, 0x00000000dd300000, 0x0000000100000000)
  eden space 84480K, 0% used [0x00000000d5580000,0x00000000d5580000,0x00000000da800000)
  from space 15360K, 99% used [0x00000000dbb00000,0x00000000dc9ff320,0x00000000dca00000)
  to   space 19456K, 0% used [0x00000000da800000,0x00000000da800000,0x00000000dbb00000)
 ParOldGen       total 100352K, used 27108K [0x0000000080000000, 0x0000000086200000, 0x00000000d5580000)
  object space 100352K, 27% used [0x0000000080000000,0x0000000081a79218,0x0000000086200000)
 Metaspace       used 55572K, capacity 57282K, committed 57600K, reserved 1099776K
  class space    used 7464K, capacity 7826K, committed 7936K, reserved 1048576K
}
Event: 39.154 GC heap before
{Heap before GC invocations=17 (full 2):
 PSYoungGen      total 99840K, used 32897K [0x00000000d5580000, 0x00000000dd300000, 0x0000000100000000)
  eden space 84480K, 20% used [0x00000000d5580000,0x00000000d66a1328,0x00000000da800000)
  from space 15360K, 99% used [0x00000000dbb00000,0x00000000dc9ff320,0x00000000dca00000)
  to   space 19456K, 0% used [0x00000000da800000,0x00000000da800000,0x00000000dbb00000)
 ParOldGen       total 100352K, used 27108K [0x0000000080000000, 0x0000000086200000, 0x00000000d5580000)
  object space 100352K, 27% used [0x0000000080000000,0x0000000081a79218,0x0000000086200000)
 Metaspace       used 57174K, capacity 58958K, committed 59096K, reserved 1099776K
  class space    used 7660K, capacity 8072K, committed 8152K, reserved 1048576K
Event: 39.184 GC heap after
Heap after GC invocations=17 (full 2):
 PSYoungGen      total 103936K, used 16956K [0x00000000d5580000, 0x00000000df180000, 0x0000000100000000)
  eden space 84480K, 0% used [0x00000000d5580000,0x00000000d5580000,0x00000000da800000)
  from space 19456K, 87% used [0x00000000da800000,0x00000000db88f320,0x00000000dbb00000)
  to   space 21504K, 0% used [0x00000000ddc80000,0x00000000ddc80000,0x00000000df180000)
 ParOldGen       total 100352K, used 27180K [0x0000000080000000, 0x0000000086200000, 0x00000000d5580000)
  object space 100352K, 27% used [0x0000000080000000,0x0000000081a8b228,0x0000000086200000)
 Metaspace       used 57174K, capacity 58958K, committed 59096K, reserved 1099776K
  class space    used 7660K, capacity 8072K, committed 8152K, reserved 1048576K
}
Event: 39.184 GC heap before
{Heap before GC invocations=18 (full 3):
 PSYoungGen      total 103936K, used 16956K [0x00000000d5580000, 0x00000000df180000, 0x0000000100000000)
  eden space 84480K, 0% used [0x00000000d5580000,0x00000000d5580000,0x00000000da800000)
  from space 19456K, 87% used [0x00000000da800000,0x00000000db88f320,0x00000000dbb00000)
  to   space 21504K, 0% used [0x00000000ddc80000,0x00000000ddc80000,0x00000000df180000)
 ParOldGen       total 100352K, used 27180K [0x0000000080000000, 0x0000000086200000, 0x00000000d5580000)
  object space 100352K, 27% used [0x0000000080000000,0x0000000081a8b228,0x0000000086200000)
 Metaspace       used 57174K, capacity 58958K, committed 59096K, reserved 1099776K
  class space    used 7660K, capacity 8072K, committed 8152K, reserved 1048576K
Event: 39.546 GC heap after
Heap after GC invocations=18 (full 3):
 PSYoungGen      total 103936K, used 0K [0x00000000d5580000, 0x00000000df180000, 0x0000000100000000)
  eden space 84480K, 0% used [0x00000000d5580000,0x00000000d5580000,0x00000000da800000)
  from space 19456K, 0% used [0x00000000da800000,0x00000000da800000,0x00000000dbb00000)
  to   space 21504K, 0% used [0x00000000ddc80000,0x00000000ddc80000,0x00000000df180000)
 ParOldGen       total 138752K, used 31982K [0x0000000080000000, 0x0000000088780000, 0x00000000d5580000)
  object space 138752K, 23% used [0x0000000080000000,0x0000000081f3b870,0x0000000088780000)
 Metaspace       used 57164K, capacity 58922K, committed 59096K, reserved 1099776K
  class space    used 7657K, capacity 8066K, committed 8152K, reserved 1048576K
}

